{"C:\\Users\\camar\\Files\\Reckoning-backend\\src\\server.ts": {"path":"C:\\Users\\camar\\Files\\Reckoning-backend\\src\\server.ts","statementMap":{"0":{"start":{"line":4,"column":19},"end":{"line":4,"column":28}},"1":{"start":{"line":5,"column":0},"end":{"line":5,"column":24}},"2":{"start":{"line":7,"column":22},"end":{"line":9,"column":2}},"3":{"start":{"line":11,"column":0},"end":{"line":11,"column":39}},"4":{"start":{"line":12,"column":0},"end":{"line":12,"column":41}},"5":{"start":{"line":13,"column":0},"end":{"line":13,"column":39}},"6":{"start":{"line":14,"column":0},"end":{"line":14,"column":37}},"7":{"start":{"line":15,"column":0},"end":{"line":15,"column":43}},"8":{"start":{"line":16,"column":0},"end":{"line":16,"column":38}},"9":{"start":{"line":18,"column":0},"end":{"line":20,"column":1}},"10":{"start":{"line":19,"column":2},"end":{"line":19,"column":66}},"11":{"start":{"line":19,"column":25},"end":{"line":19,"column":65}}},"fnMap":{"0":{"name":"(anonymous_0)","decl":{"start":{"line":19,"column":19},"end":{"line":19,"column":20}},"loc":{"start":{"line":19,"column":25},"end":{"line":19,"column":65}},"line":19}},"branchMap":{"0":{"loc":{"start":{"line":8,"column":7},"end":{"line":8,"column":55}},"type":"cond-expr","locations":[{"start":{"line":8,"column":41},"end":{"line":8,"column":50}},{"start":{"line":8,"column":53},"end":{"line":8,"column":55}}],"line":8},"1":{"loc":{"start":{"line":18,"column":0},"end":{"line":20,"column":1}},"type":"if","locations":[{"start":{"line":18,"column":0},"end":{"line":20,"column":1}},{"start":{},"end":{}}],"line":18}},"s":{"0":6,"1":6,"2":6,"3":6,"4":6,"5":6,"6":6,"7":6,"8":6,"9":6,"10":0,"11":0},"f":{"0":0},"b":{"0":[0,6],"1":[0,6]},"_coverageSchema":"1a1c01bbd47fc00a2c39e90264f33305004495a9","hash":"61a41de37224479d88ae0e8a9825d0793acf2590"}
,"C:\\Users\\camar\\Files\\Reckoning-backend\\src\\routes\\Feedback.ts": {"path":"C:\\Users\\camar\\Files\\Reckoning-backend\\src\\routes\\Feedback.ts","statementMap":{"0":{"start":{"line":5,"column":0},"end":{"line":175,"column":1}},"1":{"start":{"line":7,"column":2},"end":{"line":33,"column":5}},"2":{"start":{"line":8,"column":4},"end":{"line":32,"column":5}},"3":{"start":{"line":13,"column":10},"end":{"line":13,"column":44}},"4":{"start":{"line":15,"column":6},"end":{"line":28,"column":7}},"5":{"start":{"line":16,"column":26},"end":{"line":22,"column":10}},"6":{"start":{"line":24,"column":8},"end":{"line":24,"column":52}},"7":{"start":{"line":27,"column":8},"end":{"line":27,"column":92}},"8":{"start":{"line":31,"column":6},"end":{"line":31,"column":69}},"9":{"start":{"line":37,"column":2},"end":{"line":58,"column":5}},"10":{"start":{"line":38,"column":4},"end":{"line":57,"column":5}},"11":{"start":{"line":39,"column":25},"end":{"line":39,"column":42}},"12":{"start":{"line":41,"column":23},"end":{"line":49,"column":8}},"13":{"start":{"line":50,"column":6},"end":{"line":52,"column":7}},"14":{"start":{"line":51,"column":8},"end":{"line":51,"column":80}},"15":{"start":{"line":53,"column":6},"end":{"line":53,"column":37}},"16":{"start":{"line":56,"column":6},"end":{"line":56,"column":92}},"17":{"start":{"line":62,"column":2},"end":{"line":90,"column":5}},"18":{"start":{"line":63,"column":23},"end":{"line":63,"column":47}},"19":{"start":{"line":64,"column":21},"end":{"line":64,"column":43}},"20":{"start":{"line":66,"column":4},"end":{"line":89,"column":5}},"21":{"start":{"line":67,"column":6},"end":{"line":67,"column":69}},"22":{"start":{"line":69,"column":6},"end":{"line":88,"column":7}},"23":{"start":{"line":70,"column":8},"end":{"line":87,"column":9}},"24":{"start":{"line":71,"column":29},"end":{"line":79,"column":12}},"25":{"start":{"line":80,"column":10},"end":{"line":82,"column":11}},"26":{"start":{"line":81,"column":12},"end":{"line":81,"column":86}},"27":{"start":{"line":83,"column":10},"end":{"line":83,"column":43}},"28":{"start":{"line":86,"column":10},"end":{"line":86,"column":96}},"29":{"start":{"line":94,"column":2},"end":{"line":107,"column":5}},"30":{"start":{"line":95,"column":4},"end":{"line":106,"column":5}},"31":{"start":{"line":96,"column":24},"end":{"line":101,"column":8}},"32":{"start":{"line":102,"column":6},"end":{"line":102,"column":50}},"33":{"start":{"line":105,"column":6},"end":{"line":105,"column":94}},"34":{"start":{"line":111,"column":2},"end":{"line":136,"column":5}},"35":{"start":{"line":112,"column":4},"end":{"line":135,"column":5}},"36":{"start":{"line":113,"column":25},"end":{"line":113,"column":42}},"37":{"start":{"line":115,"column":29},"end":{"line":119,"column":8}},"38":{"start":{"line":121,"column":6},"end":{"line":130,"column":7}},"39":{"start":{"line":122,"column":25},"end":{"line":126,"column":10}},"40":{"start":{"line":127,"column":8},"end":{"line":127,"column":51}},"41":{"start":{"line":129,"column":8},"end":{"line":129,"column":82}},"42":{"start":{"line":134,"column":6},"end":{"line":134,"column":89}},"43":{"start":{"line":140,"column":2},"end":{"line":174,"column":5}},"44":{"start":{"line":141,"column":4},"end":{"line":173,"column":5}},"45":{"start":{"line":142,"column":39},"end":{"line":142,"column":83}},"46":{"start":{"line":144,"column":6},"end":{"line":169,"column":7}},"47":{"start":{"line":145,"column":27},"end":{"line":145,"column":44}},"48":{"start":{"line":147,"column":31},"end":{"line":151,"column":10}},"49":{"start":{"line":153,"column":8},"end":{"line":166,"column":9}},"50":{"start":{"line":154,"column":31},"end":{"line":162,"column":12}},"51":{"start":{"line":163,"column":10},"end":{"line":163,"column":57}},"52":{"start":{"line":165,"column":10},"end":{"line":165,"column":82}},"53":{"start":{"line":168,"column":8},"end":{"line":168,"column":76}},"54":{"start":{"line":172,"column":6},"end":{"line":172,"column":91}}},"fnMap":{"0":{"name":"(anonymous_0)","decl":{"start":{"line":5,"column":17},"end":{"line":5,"column":18}},"loc":{"start":{"line":5,"column":57},"end":{"line":175,"column":1}},"line":5},"1":{"name":"(anonymous_1)","decl":{"start":{"line":7,"column":24},"end":{"line":7,"column":25}},"loc":{"start":{"line":7,"column":53},"end":{"line":33,"column":3}},"line":7},"2":{"name":"(anonymous_2)","decl":{"start":{"line":37,"column":27},"end":{"line":37,"column":28}},"loc":{"start":{"line":37,"column":56},"end":{"line":58,"column":3}},"line":37},"3":{"name":"(anonymous_3)","decl":{"start":{"line":62,"column":30},"end":{"line":62,"column":31}},"loc":{"start":{"line":62,"column":59},"end":{"line":90,"column":3}},"line":62},"4":{"name":"(anonymous_4)","decl":{"start":{"line":94,"column":24},"end":{"line":94,"column":25}},"loc":{"start":{"line":94,"column":53},"end":{"line":107,"column":3}},"line":94},"5":{"name":"(anonymous_5)","decl":{"start":{"line":111,"column":30},"end":{"line":111,"column":31}},"loc":{"start":{"line":111,"column":59},"end":{"line":136,"column":3}},"line":111},"6":{"name":"(anonymous_6)","decl":{"start":{"line":140,"column":27},"end":{"line":140,"column":28}},"loc":{"start":{"line":140,"column":56},"end":{"line":174,"column":3}},"line":140}},"branchMap":{"0":{"loc":{"start":{"line":50,"column":6},"end":{"line":52,"column":7}},"type":"if","locations":[{"start":{"line":50,"column":6},"end":{"line":52,"column":7}},{"start":{},"end":{}}],"line":50},"1":{"loc":{"start":{"line":66,"column":4},"end":{"line":89,"column":5}},"type":"if","locations":[{"start":{"line":66,"column":4},"end":{"line":89,"column":5}},{"start":{"line":68,"column":11},"end":{"line":89,"column":5}}],"line":66},"2":{"loc":{"start":{"line":66,"column":7},"end":{"line":66,"column":31}},"type":"binary-expr","locations":[{"start":{"line":66,"column":7},"end":{"line":66,"column":18}},{"start":{"line":66,"column":22},"end":{"line":66,"column":31}}],"line":66},"3":{"loc":{"start":{"line":69,"column":6},"end":{"line":88,"column":7}},"type":"if","locations":[{"start":{"line":69,"column":6},"end":{"line":88,"column":7}},{"start":{},"end":{}}],"line":69},"4":{"loc":{"start":{"line":69,"column":9},"end":{"line":69,"column":71}},"type":"binary-expr","locations":[{"start":{"line":69,"column":9},"end":{"line":69,"column":39}},{"start":{"line":69,"column":43},"end":{"line":69,"column":71}}],"line":69},"5":{"loc":{"start":{"line":80,"column":10},"end":{"line":82,"column":11}},"type":"if","locations":[{"start":{"line":80,"column":10},"end":{"line":82,"column":11}},{"start":{},"end":{}}],"line":80},"6":{"loc":{"start":{"line":121,"column":6},"end":{"line":130,"column":7}},"type":"if","locations":[{"start":{"line":121,"column":6},"end":{"line":130,"column":7}},{"start":{"line":128,"column":13},"end":{"line":130,"column":7}}],"line":121},"7":{"loc":{"start":{"line":144,"column":6},"end":{"line":169,"column":7}},"type":"if","locations":[{"start":{"line":144,"column":6},"end":{"line":169,"column":7}},{"start":{"line":167,"column":13},"end":{"line":169,"column":7}}],"line":144},"8":{"loc":{"start":{"line":144,"column":9},"end":{"line":144,"column":31}},"type":"binary-expr","locations":[{"start":{"line":144,"column":9},"end":{"line":144,"column":19}},{"start":{"line":144,"column":23},"end":{"line":144,"column":31}}],"line":144},"9":{"loc":{"start":{"line":153,"column":8},"end":{"line":166,"column":9}},"type":"if","locations":[{"start":{"line":153,"column":8},"end":{"line":166,"column":9}},{"start":{"line":164,"column":15},"end":{"line":166,"column":9}}],"line":153}},"s":{"0":6,"1":6,"2":3,"3":3,"4":2,"5":2,"6":1,"7":1,"8":1,"9":6,"10":3,"11":3,"12":3,"13":2,"14":1,"15":1,"16":1,"17":6,"18":4,"19":4,"20":4,"21":1,"22":3,"23":3,"24":3,"25":2,"26":1,"27":1,"28":1,"29":6,"30":2,"31":2,"32":1,"33":1,"34":6,"35":3,"36":3,"37":3,"38":2,"39":1,"40":1,"41":1,"42":1,"43":6,"44":4,"45":4,"46":4,"47":3,"48":3,"49":3,"50":2,"51":1,"52":1,"53":1,"54":1},"f":{"0":6,"1":3,"2":3,"3":4,"4":2,"5":3,"6":4},"b":{"0":[1,1],"1":[1,3],"2":[4,4],"3":[3,0],"4":[3,3],"5":[1,1],"6":[1,1],"7":[3,1],"8":[4,1],"9":[2,1]},"_coverageSchema":"1a1c01bbd47fc00a2c39e90264f33305004495a9","hash":"84ca29b352166a347debe122535f23db6a64a5c4"}
,"C:\\Users\\camar\\Files\\Reckoning-backend\\src\\routes\\Imagem.ts": {"path":"C:\\Users\\camar\\Files\\Reckoning-backend\\src\\routes\\Imagem.ts","statementMap":{"0":{"start":{"line":5,"column":0},"end":{"line":166,"column":1}},"1":{"start":{"line":7,"column":2},"end":{"line":31,"column":3}},"2":{"start":{"line":8,"column":4},"end":{"line":30,"column":5}},"3":{"start":{"line":12,"column":10},"end":{"line":12,"column":42}},"4":{"start":{"line":14,"column":6},"end":{"line":26,"column":7}},"5":{"start":{"line":15,"column":27},"end":{"line":20,"column":10}},"6":{"start":{"line":22,"column":8},"end":{"line":22,"column":53}},"7":{"start":{"line":25,"column":8},"end":{"line":25,"column":92}},"8":{"start":{"line":29,"column":6},"end":{"line":29,"column":69}},"9":{"start":{"line":34,"column":2},"end":{"line":56,"column":3}},"10":{"start":{"line":35,"column":4},"end":{"line":55,"column":5}},"11":{"start":{"line":36,"column":23},"end":{"line":36,"column":40}},"12":{"start":{"line":38,"column":21},"end":{"line":45,"column":8}},"13":{"start":{"line":47,"column":6},"end":{"line":49,"column":7}},"14":{"start":{"line":48,"column":8},"end":{"line":48,"column":78}},"15":{"start":{"line":51,"column":6},"end":{"line":51,"column":35}},"16":{"start":{"line":54,"column":6},"end":{"line":54,"column":86}},"17":{"start":{"line":59,"column":0},"end":{"line":85,"column":3}},"18":{"start":{"line":60,"column":17},"end":{"line":60,"column":37}},"19":{"start":{"line":62,"column":2},"end":{"line":84,"column":3}},"20":{"start":{"line":63,"column":4},"end":{"line":63,"column":67}},"21":{"start":{"line":65,"column":4},"end":{"line":83,"column":5}},"22":{"start":{"line":66,"column":6},"end":{"line":82,"column":7}},"23":{"start":{"line":67,"column":25},"end":{"line":74,"column":10}},"24":{"start":{"line":75,"column":8},"end":{"line":77,"column":9}},"25":{"start":{"line":76,"column":10},"end":{"line":76,"column":82}},"26":{"start":{"line":78,"column":8},"end":{"line":78,"column":39}},"27":{"start":{"line":81,"column":8},"end":{"line":81,"column":92}},"28":{"start":{"line":88,"column":2},"end":{"line":100,"column":3}},"29":{"start":{"line":89,"column":4},"end":{"line":99,"column":5}},"30":{"start":{"line":90,"column":21},"end":{"line":94,"column":8}},"31":{"start":{"line":95,"column":6},"end":{"line":95,"column":35}},"32":{"start":{"line":98,"column":6},"end":{"line":98,"column":87}},"33":{"start":{"line":103,"column":2},"end":{"line":128,"column":3}},"34":{"start":{"line":104,"column":4},"end":{"line":127,"column":5}},"35":{"start":{"line":105,"column":23},"end":{"line":105,"column":40}},"36":{"start":{"line":107,"column":27},"end":{"line":111,"column":8}},"37":{"start":{"line":113,"column":6},"end":{"line":123,"column":7}},"38":{"start":{"line":114,"column":23},"end":{"line":118,"column":10}},"39":{"start":{"line":120,"column":8},"end":{"line":120,"column":37}},"40":{"start":{"line":122,"column":8},"end":{"line":122,"column":78}},"41":{"start":{"line":126,"column":6},"end":{"line":126,"column":85}},"42":{"start":{"line":131,"column":2},"end":{"line":165,"column":5}},"43":{"start":{"line":132,"column":4},"end":{"line":164,"column":3}},"44":{"start":{"line":133,"column":31},"end":{"line":133,"column":73}},"45":{"start":{"line":135,"column":4},"end":{"line":160,"column":5}},"46":{"start":{"line":136,"column":23},"end":{"line":136,"column":40}},"47":{"start":{"line":138,"column":27},"end":{"line":142,"column":8}},"48":{"start":{"line":144,"column":6},"end":{"line":157,"column":7}},"49":{"start":{"line":145,"column":27},"end":{"line":152,"column":10}},"50":{"start":{"line":153,"column":8},"end":{"line":153,"column":41}},"51":{"start":{"line":156,"column":8},"end":{"line":156,"column":80}},"52":{"start":{"line":159,"column":6},"end":{"line":159,"column":74}},"53":{"start":{"line":163,"column":4},"end":{"line":163,"column":87}}},"fnMap":{"0":{"name":"(anonymous_0)","decl":{"start":{"line":5,"column":17},"end":{"line":5,"column":18}},"loc":{"start":{"line":5,"column":57},"end":{"line":166,"column":1}},"line":5},"1":{"name":"(anonymous_1)","decl":{"start":{"line":7,"column":22},"end":{"line":7,"column":23}},"loc":{"start":{"line":7,"column":51},"end":{"line":31,"column":1}},"line":7},"2":{"name":"(anonymous_2)","decl":{"start":{"line":34,"column":25},"end":{"line":34,"column":26}},"loc":{"start":{"line":34,"column":54},"end":{"line":56,"column":1}},"line":34},"3":{"name":"(anonymous_3)","decl":{"start":{"line":59,"column":26},"end":{"line":59,"column":27}},"loc":{"start":{"line":59,"column":55},"end":{"line":85,"column":1}},"line":59},"4":{"name":"(anonymous_4)","decl":{"start":{"line":88,"column":22},"end":{"line":88,"column":23}},"loc":{"start":{"line":88,"column":51},"end":{"line":100,"column":1}},"line":88},"5":{"name":"(anonymous_5)","decl":{"start":{"line":103,"column":28},"end":{"line":103,"column":29}},"loc":{"start":{"line":103,"column":57},"end":{"line":128,"column":1}},"line":103},"6":{"name":"(anonymous_6)","decl":{"start":{"line":131,"column":25},"end":{"line":131,"column":26}},"loc":{"start":{"line":131,"column":54},"end":{"line":165,"column":3}},"line":131}},"branchMap":{"0":{"loc":{"start":{"line":47,"column":6},"end":{"line":49,"column":7}},"type":"if","locations":[{"start":{"line":47,"column":6},"end":{"line":49,"column":7}},{"start":{},"end":{}}],"line":47},"1":{"loc":{"start":{"line":62,"column":2},"end":{"line":84,"column":3}},"type":"if","locations":[{"start":{"line":62,"column":2},"end":{"line":84,"column":3}},{"start":{"line":64,"column":9},"end":{"line":84,"column":3}}],"line":62},"2":{"loc":{"start":{"line":65,"column":4},"end":{"line":83,"column":5}},"type":"if","locations":[{"start":{"line":65,"column":4},"end":{"line":83,"column":5}},{"start":{},"end":{}}],"line":65},"3":{"loc":{"start":{"line":75,"column":8},"end":{"line":77,"column":9}},"type":"if","locations":[{"start":{"line":75,"column":8},"end":{"line":77,"column":9}},{"start":{},"end":{}}],"line":75},"4":{"loc":{"start":{"line":113,"column":6},"end":{"line":123,"column":7}},"type":"if","locations":[{"start":{"line":113,"column":6},"end":{"line":123,"column":7}},{"start":{"line":121,"column":13},"end":{"line":123,"column":7}}],"line":113},"5":{"loc":{"start":{"line":135,"column":4},"end":{"line":160,"column":5}},"type":"if","locations":[{"start":{"line":135,"column":4},"end":{"line":160,"column":5}},{"start":{"line":158,"column":11},"end":{"line":160,"column":5}}],"line":135},"6":{"loc":{"start":{"line":135,"column":7},"end":{"line":135,"column":25}},"type":"binary-expr","locations":[{"start":{"line":135,"column":7},"end":{"line":135,"column":15}},{"start":{"line":135,"column":19},"end":{"line":135,"column":25}}],"line":135},"7":{"loc":{"start":{"line":144,"column":6},"end":{"line":157,"column":7}},"type":"if","locations":[{"start":{"line":144,"column":6},"end":{"line":157,"column":7}},{"start":{"line":155,"column":13},"end":{"line":157,"column":7}}],"line":144}},"s":{"0":6,"1":6,"2":3,"3":3,"4":2,"5":2,"6":1,"7":1,"8":1,"9":6,"10":3,"11":3,"12":3,"13":2,"14":1,"15":1,"16":1,"17":6,"18":4,"19":4,"20":1,"21":3,"22":3,"23":3,"24":2,"25":1,"26":1,"27":1,"28":6,"29":2,"30":2,"31":1,"32":1,"33":6,"34":3,"35":3,"36":3,"37":2,"38":1,"39":1,"40":1,"41":1,"42":6,"43":4,"44":4,"45":4,"46":3,"47":3,"48":3,"49":2,"50":1,"51":1,"52":1,"53":1},"f":{"0":6,"1":3,"2":3,"3":4,"4":2,"5":3,"6":4},"b":{"0":[1,1],"1":[1,3],"2":[3,0],"3":[1,1],"4":[1,1],"5":[3,1],"6":[4,4],"7":[2,1]},"_coverageSchema":"1a1c01bbd47fc00a2c39e90264f33305004495a9","hash":"aaf4281e3c7fe64b0a94045bd736cbd36b2ac851"}
,"C:\\Users\\camar\\Files\\Reckoning-backend\\src\\routes\\Item.ts": {"path":"C:\\Users\\camar\\Files\\Reckoning-backend\\src\\routes\\Item.ts","statementMap":{"0":{"start":{"line":5,"column":0},"end":{"line":177,"column":1}},"1":{"start":{"line":7,"column":2},"end":{"line":34,"column":3}},"2":{"start":{"line":8,"column":4},"end":{"line":33,"column":5}},"3":{"start":{"line":14,"column":10},"end":{"line":14,"column":41}},"4":{"start":{"line":16,"column":6},"end":{"line":29,"column":7}},"5":{"start":{"line":17,"column":25},"end":{"line":24,"column":10}},"6":{"start":{"line":25,"column":8},"end":{"line":25,"column":51}},"7":{"start":{"line":28,"column":8},"end":{"line":28,"column":90}},"8":{"start":{"line":32,"column":6},"end":{"line":32,"column":69}},"9":{"start":{"line":37,"column":2},"end":{"line":59,"column":5}},"10":{"start":{"line":38,"column":4},"end":{"line":58,"column":5}},"11":{"start":{"line":39,"column":22},"end":{"line":39,"column":39}},"12":{"start":{"line":41,"column":19},"end":{"line":50,"column":8}},"13":{"start":{"line":51,"column":6},"end":{"line":53,"column":7}},"14":{"start":{"line":52,"column":8},"end":{"line":52,"column":76}},"15":{"start":{"line":54,"column":6},"end":{"line":54,"column":33}},"16":{"start":{"line":57,"column":6},"end":{"line":57,"column":88}},"17":{"start":{"line":62,"column":2},"end":{"line":92,"column":5}},"18":{"start":{"line":63,"column":27},"end":{"line":63,"column":55}},"19":{"start":{"line":64,"column":17},"end":{"line":64,"column":35}},"20":{"start":{"line":65,"column":22},"end":{"line":65,"column":45}},"21":{"start":{"line":67,"column":4},"end":{"line":91,"column":5}},"22":{"start":{"line":68,"column":6},"end":{"line":68,"column":89}},"23":{"start":{"line":70,"column":6},"end":{"line":90,"column":7}},"24":{"start":{"line":71,"column":8},"end":{"line":89,"column":9}},"25":{"start":{"line":72,"column":25},"end":{"line":81,"column":12}},"26":{"start":{"line":82,"column":10},"end":{"line":84,"column":11}},"27":{"start":{"line":83,"column":12},"end":{"line":83,"column":80}},"28":{"start":{"line":85,"column":10},"end":{"line":85,"column":39}},"29":{"start":{"line":88,"column":10},"end":{"line":88,"column":90}},"30":{"start":{"line":95,"column":2},"end":{"line":109,"column":3}},"31":{"start":{"line":96,"column":4},"end":{"line":108,"column":5}},"32":{"start":{"line":97,"column":20},"end":{"line":103,"column":8}},"33":{"start":{"line":104,"column":6},"end":{"line":104,"column":34}},"34":{"start":{"line":107,"column":6},"end":{"line":107,"column":90}},"35":{"start":{"line":112,"column":2},"end":{"line":137,"column":5}},"36":{"start":{"line":113,"column":4},"end":{"line":136,"column":5}},"37":{"start":{"line":114,"column":21},"end":{"line":114,"column":38}},"38":{"start":{"line":116,"column":25},"end":{"line":120,"column":8}},"39":{"start":{"line":122,"column":6},"end":{"line":132,"column":7}},"40":{"start":{"line":123,"column":21},"end":{"line":127,"column":10}},"41":{"start":{"line":129,"column":8},"end":{"line":129,"column":35}},"42":{"start":{"line":131,"column":8},"end":{"line":131,"column":78}},"43":{"start":{"line":135,"column":6},"end":{"line":135,"column":87}},"44":{"start":{"line":140,"column":2},"end":{"line":176,"column":3}},"45":{"start":{"line":141,"column":4},"end":{"line":175,"column":5}},"46":{"start":{"line":142,"column":50},"end":{"line":142,"column":91}},"47":{"start":{"line":144,"column":6},"end":{"line":171,"column":7}},"48":{"start":{"line":145,"column":23},"end":{"line":145,"column":40}},"49":{"start":{"line":147,"column":27},"end":{"line":151,"column":10}},"50":{"start":{"line":153,"column":8},"end":{"line":168,"column":9}},"51":{"start":{"line":154,"column":27},"end":{"line":163,"column":12}},"52":{"start":{"line":165,"column":10},"end":{"line":165,"column":41}},"53":{"start":{"line":167,"column":10},"end":{"line":167,"column":80}},"54":{"start":{"line":170,"column":8},"end":{"line":170,"column":76}},"55":{"start":{"line":174,"column":6},"end":{"line":174,"column":87}}},"fnMap":{"0":{"name":"(anonymous_0)","decl":{"start":{"line":5,"column":17},"end":{"line":5,"column":18}},"loc":{"start":{"line":5,"column":57},"end":{"line":177,"column":1}},"line":5},"1":{"name":"(anonymous_1)","decl":{"start":{"line":7,"column":20},"end":{"line":7,"column":21}},"loc":{"start":{"line":7,"column":49},"end":{"line":34,"column":1}},"line":7},"2":{"name":"(anonymous_2)","decl":{"start":{"line":37,"column":23},"end":{"line":37,"column":24}},"loc":{"start":{"line":37,"column":52},"end":{"line":59,"column":3}},"line":37},"3":{"name":"(anonymous_3)","decl":{"start":{"line":62,"column":26},"end":{"line":62,"column":27}},"loc":{"start":{"line":62,"column":55},"end":{"line":92,"column":3}},"line":62},"4":{"name":"(anonymous_4)","decl":{"start":{"line":95,"column":20},"end":{"line":95,"column":21}},"loc":{"start":{"line":95,"column":49},"end":{"line":109,"column":1}},"line":95},"5":{"name":"(anonymous_5)","decl":{"start":{"line":112,"column":26},"end":{"line":112,"column":27}},"loc":{"start":{"line":112,"column":55},"end":{"line":137,"column":3}},"line":112},"6":{"name":"(anonymous_6)","decl":{"start":{"line":140,"column":23},"end":{"line":140,"column":24}},"loc":{"start":{"line":140,"column":52},"end":{"line":176,"column":1}},"line":140}},"branchMap":{"0":{"loc":{"start":{"line":51,"column":6},"end":{"line":53,"column":7}},"type":"if","locations":[{"start":{"line":51,"column":6},"end":{"line":53,"column":7}},{"start":{},"end":{}}],"line":51},"1":{"loc":{"start":{"line":67,"column":4},"end":{"line":91,"column":5}},"type":"if","locations":[{"start":{"line":67,"column":4},"end":{"line":91,"column":5}},{"start":{"line":69,"column":11},"end":{"line":91,"column":5}}],"line":67},"2":{"loc":{"start":{"line":67,"column":7},"end":{"line":67,"column":45}},"type":"binary-expr","locations":[{"start":{"line":67,"column":7},"end":{"line":67,"column":22}},{"start":{"line":67,"column":26},"end":{"line":67,"column":31}},{"start":{"line":67,"column":35},"end":{"line":67,"column":45}}],"line":67},"3":{"loc":{"start":{"line":70,"column":6},"end":{"line":90,"column":7}},"type":"if","locations":[{"start":{"line":70,"column":6},"end":{"line":90,"column":7}},{"start":{},"end":{}}],"line":70},"4":{"loc":{"start":{"line":70,"column":9},"end":{"line":70,"column":104}},"type":"binary-expr","locations":[{"start":{"line":70,"column":9},"end":{"line":70,"column":43}},{"start":{"line":70,"column":47},"end":{"line":70,"column":71}},{"start":{"line":70,"column":75},"end":{"line":70,"column":104}}],"line":70},"5":{"loc":{"start":{"line":82,"column":10},"end":{"line":84,"column":11}},"type":"if","locations":[{"start":{"line":82,"column":10},"end":{"line":84,"column":11}},{"start":{},"end":{}}],"line":82},"6":{"loc":{"start":{"line":122,"column":6},"end":{"line":132,"column":7}},"type":"if","locations":[{"start":{"line":122,"column":6},"end":{"line":132,"column":7}},{"start":{"line":130,"column":13},"end":{"line":132,"column":7}}],"line":122},"7":{"loc":{"start":{"line":144,"column":6},"end":{"line":171,"column":7}},"type":"if","locations":[{"start":{"line":144,"column":6},"end":{"line":171,"column":7}},{"start":{"line":169,"column":13},"end":{"line":171,"column":7}}],"line":144},"8":{"loc":{"start":{"line":144,"column":9},"end":{"line":144,"column":44}},"type":"binary-expr","locations":[{"start":{"line":144,"column":9},"end":{"line":144,"column":18}},{"start":{"line":144,"column":22},"end":{"line":144,"column":36}},{"start":{"line":144,"column":40},"end":{"line":144,"column":44}}],"line":144},"9":{"loc":{"start":{"line":153,"column":8},"end":{"line":168,"column":9}},"type":"if","locations":[{"start":{"line":153,"column":8},"end":{"line":168,"column":9}},{"start":{"line":166,"column":15},"end":{"line":168,"column":9}}],"line":153}},"s":{"0":6,"1":6,"2":3,"3":3,"4":2,"5":2,"6":1,"7":1,"8":1,"9":6,"10":3,"11":3,"12":3,"13":2,"14":1,"15":1,"16":1,"17":6,"18":4,"19":4,"20":4,"21":4,"22":1,"23":3,"24":3,"25":3,"26":2,"27":1,"28":1,"29":1,"30":6,"31":2,"32":2,"33":1,"34":1,"35":6,"36":3,"37":3,"38":3,"39":2,"40":1,"41":1,"42":1,"43":1,"44":6,"45":4,"46":4,"47":4,"48":3,"49":3,"50":2,"51":1,"52":1,"53":1,"54":1,"55":1},"f":{"0":6,"1":3,"2":3,"3":4,"4":2,"5":3,"6":4},"b":{"0":[1,1],"1":[1,3],"2":[4,4,4],"3":[3,0],"4":[3,3,3],"5":[1,1],"6":[1,1],"7":[3,1],"8":[4,1,1],"9":[1,1]},"_coverageSchema":"1a1c01bbd47fc00a2c39e90264f33305004495a9","hash":"c4b382fe2c0013e56781030bfbadaed7a6e62c3a"}
,"C:\\Users\\camar\\Files\\Reckoning-backend\\src\\routes\\Login.ts": {"path":"C:\\Users\\camar\\Files\\Reckoning-backend\\src\\routes\\Login.ts","statementMap":{"0":{"start":{"line":6,"column":0},"end":{"line":179,"column":1}},"1":{"start":{"line":8,"column":2},"end":{"line":50,"column":4}},"2":{"start":{"line":9,"column":4},"end":{"line":49,"column":5}},"3":{"start":{"line":10,"column":49},"end":{"line":10,"column":81}},"4":{"start":{"line":12,"column":6},"end":{"line":45,"column":7}},"5":{"start":{"line":13,"column":30},"end":{"line":17,"column":10}},"6":{"start":{"line":19,"column":8},"end":{"line":41,"column":9}},"7":{"start":{"line":20,"column":24},"end":{"line":20,"column":49}},"8":{"start":{"line":21,"column":23},"end":{"line":21,"column":39}},"9":{"start":{"line":23,"column":10},"end":{"line":37,"column":11}},"10":{"start":{"line":24,"column":28},"end":{"line":31,"column":14}},"11":{"start":{"line":33,"column":12},"end":{"line":33,"column":53}},"12":{"start":{"line":36,"column":12},"end":{"line":36,"column":88}},"13":{"start":{"line":40,"column":10},"end":{"line":40,"column":96}},"14":{"start":{"line":44,"column":8},"end":{"line":44,"column":84}},"15":{"start":{"line":48,"column":6},"end":{"line":48,"column":61}},"16":{"start":{"line":53,"column":2},"end":{"line":77,"column":4}},"17":{"start":{"line":54,"column":4},"end":{"line":76,"column":5}},"18":{"start":{"line":55,"column":24},"end":{"line":55,"column":41}},"19":{"start":{"line":57,"column":22},"end":{"line":66,"column":8}},"20":{"start":{"line":68,"column":6},"end":{"line":70,"column":7}},"21":{"start":{"line":69,"column":8},"end":{"line":69,"column":71}},"22":{"start":{"line":72,"column":6},"end":{"line":72,"column":29}},"23":{"start":{"line":75,"column":6},"end":{"line":75,"column":82}},"24":{"start":{"line":80,"column":2},"end":{"line":106,"column":4}},"25":{"start":{"line":81,"column":32},"end":{"line":81,"column":64}},"26":{"start":{"line":83,"column":4},"end":{"line":105,"column":5}},"27":{"start":{"line":84,"column":22},"end":{"line":91,"column":8}},"28":{"start":{"line":93,"column":6},"end":{"line":101,"column":7}},"29":{"start":{"line":94,"column":8},"end":{"line":98,"column":9}},"30":{"start":{"line":95,"column":10},"end":{"line":95,"column":52}},"31":{"start":{"line":97,"column":10},"end":{"line":97,"column":65}},"32":{"start":{"line":100,"column":8},"end":{"line":100,"column":71}},"33":{"start":{"line":104,"column":6},"end":{"line":104,"column":82}},"34":{"start":{"line":109,"column":2},"end":{"line":140,"column":5}},"35":{"start":{"line":110,"column":4},"end":{"line":139,"column":5}},"36":{"start":{"line":111,"column":24},"end":{"line":111,"column":41}},"37":{"start":{"line":113,"column":28},"end":{"line":117,"column":8}},"38":{"start":{"line":119,"column":6},"end":{"line":135,"column":7}},"39":{"start":{"line":120,"column":24},"end":{"line":129,"column":10}},"40":{"start":{"line":131,"column":8},"end":{"line":131,"column":50}},"41":{"start":{"line":134,"column":8},"end":{"line":134,"column":81}},"42":{"start":{"line":138,"column":6},"end":{"line":138,"column":88}}},"fnMap":{"0":{"name":"(anonymous_0)","decl":{"start":{"line":6,"column":17},"end":{"line":6,"column":18}},"loc":{"start":{"line":6,"column":57},"end":{"line":179,"column":1}},"line":6},"1":{"name":"(anonymous_1)","decl":{"start":{"line":8,"column":22},"end":{"line":8,"column":23}},"loc":{"start":{"line":8,"column":51},"end":{"line":50,"column":3}},"line":8},"2":{"name":"(anonymous_2)","decl":{"start":{"line":53,"column":26},"end":{"line":53,"column":27}},"loc":{"start":{"line":53,"column":55},"end":{"line":77,"column":3}},"line":53},"3":{"name":"(anonymous_3)","decl":{"start":{"line":80,"column":22},"end":{"line":80,"column":23}},"loc":{"start":{"line":80,"column":51},"end":{"line":106,"column":3}},"line":80},"4":{"name":"(anonymous_4)","decl":{"start":{"line":109,"column":29},"end":{"line":109,"column":30}},"loc":{"start":{"line":109,"column":58},"end":{"line":140,"column":3}},"line":109}},"branchMap":{"0":{"loc":{"start":{"line":19,"column":8},"end":{"line":41,"column":9}},"type":"if","locations":[{"start":{"line":19,"column":8},"end":{"line":41,"column":9}},{"start":{"line":38,"column":15},"end":{"line":41,"column":9}}],"line":19},"1":{"loc":{"start":{"line":68,"column":6},"end":{"line":70,"column":7}},"type":"if","locations":[{"start":{"line":68,"column":6},"end":{"line":70,"column":7}},{"start":{},"end":{}}],"line":68},"2":{"loc":{"start":{"line":93,"column":6},"end":{"line":101,"column":7}},"type":"if","locations":[{"start":{"line":93,"column":6},"end":{"line":101,"column":7}},{"start":{"line":99,"column":13},"end":{"line":101,"column":7}}],"line":93},"3":{"loc":{"start":{"line":94,"column":8},"end":{"line":98,"column":9}},"type":"if","locations":[{"start":{"line":94,"column":8},"end":{"line":98,"column":9}},{"start":{"line":96,"column":15},"end":{"line":98,"column":9}}],"line":94},"4":{"loc":{"start":{"line":119,"column":6},"end":{"line":135,"column":7}},"type":"if","locations":[{"start":{"line":119,"column":6},"end":{"line":135,"column":7}},{"start":{"line":133,"column":10},"end":{"line":135,"column":7}}],"line":119}},"s":{"0":6,"1":6,"2":1,"3":1,"4":1,"5":1,"6":1,"7":1,"8":1,"9":1,"10":1,"11":1,"12":0,"13":0,"14":0,"15":0,"16":6,"17":1,"18":1,"19":1,"20":1,"21":0,"22":1,"23":0,"24":6,"25":1,"26":1,"27":1,"28":1,"29":1,"30":1,"31":0,"32":0,"33":0,"34":6,"35":1,"36":1,"37":1,"38":1,"39":1,"40":1,"41":0,"42":0},"f":{"0":6,"1":1,"2":1,"3":1,"4":1},"b":{"0":[1,0],"1":[0,1],"2":[1,0],"3":[1,0],"4":[1,0]},"_coverageSchema":"1a1c01bbd47fc00a2c39e90264f33305004495a9","hash":"5490f921ec7f67a1cc163a7657e0804f985e61e8"}
,"C:\\Users\\camar\\Files\\Reckoning-backend\\src\\routes\\Personagem.ts": {"path":"C:\\Users\\camar\\Files\\Reckoning-backend\\src\\routes\\Personagem.ts","statementMap":{"0":{"start":{"line":5,"column":0},"end":{"line":176,"column":1}},"1":{"start":{"line":7,"column":2},"end":{"line":34,"column":3}},"2":{"start":{"line":8,"column":4},"end":{"line":33,"column":5}},"3":{"start":{"line":14,"column":10},"end":{"line":14,"column":46}},"4":{"start":{"line":16,"column":6},"end":{"line":29,"column":5}},"5":{"start":{"line":17,"column":27},"end":{"line":24,"column":8}},"6":{"start":{"line":25,"column":6},"end":{"line":25,"column":51}},"7":{"start":{"line":28,"column":6},"end":{"line":28,"column":93}},"8":{"start":{"line":32,"column":6},"end":{"line":32,"column":70}},"9":{"start":{"line":37,"column":2},"end":{"line":59,"column":5}},"10":{"start":{"line":38,"column":4},"end":{"line":58,"column":5}},"11":{"start":{"line":39,"column":28},"end":{"line":39,"column":45}},"12":{"start":{"line":41,"column":25},"end":{"line":50,"column":8}},"13":{"start":{"line":51,"column":6},"end":{"line":53,"column":7}},"14":{"start":{"line":52,"column":8},"end":{"line":52,"column":84}},"15":{"start":{"line":54,"column":6},"end":{"line":54,"column":39}},"16":{"start":{"line":57,"column":6},"end":{"line":57,"column":90}},"17":{"start":{"line":62,"column":2},"end":{"line":93,"column":5}},"18":{"start":{"line":63,"column":27},"end":{"line":63,"column":55}},"19":{"start":{"line":64,"column":17},"end":{"line":64,"column":35}},"20":{"start":{"line":65,"column":22},"end":{"line":65,"column":45}},"21":{"start":{"line":67,"column":4},"end":{"line":92,"column":5}},"22":{"start":{"line":68,"column":6},"end":{"line":68,"column":89}},"23":{"start":{"line":70,"column":6},"end":{"line":91,"column":7}},"24":{"start":{"line":71,"column":8},"end":{"line":90,"column":9}},"25":{"start":{"line":72,"column":31},"end":{"line":81,"column":12}},"26":{"start":{"line":83,"column":10},"end":{"line":85,"column":11}},"27":{"start":{"line":84,"column":12},"end":{"line":84,"column":88}},"28":{"start":{"line":86,"column":10},"end":{"line":86,"column":45}},"29":{"start":{"line":89,"column":10},"end":{"line":89,"column":98}},"30":{"start":{"line":96,"column":2},"end":{"line":110,"column":5}},"31":{"start":{"line":97,"column":4},"end":{"line":109,"column":5}},"32":{"start":{"line":98,"column":26},"end":{"line":104,"column":8}},"33":{"start":{"line":105,"column":6},"end":{"line":105,"column":52}},"34":{"start":{"line":108,"column":6},"end":{"line":108,"column":91}},"35":{"start":{"line":113,"column":2},"end":{"line":137,"column":5}},"36":{"start":{"line":114,"column":4},"end":{"line":136,"column":5}},"37":{"start":{"line":115,"column":27},"end":{"line":115,"column":44}},"38":{"start":{"line":117,"column":31},"end":{"line":121,"column":8}},"39":{"start":{"line":122,"column":6},"end":{"line":132,"column":7}},"40":{"start":{"line":123,"column":27},"end":{"line":127,"column":10}},"41":{"start":{"line":128,"column":8},"end":{"line":128,"column":53}},"42":{"start":{"line":131,"column":8},"end":{"line":131,"column":84}},"43":{"start":{"line":135,"column":6},"end":{"line":135,"column":91}},"44":{"start":{"line":140,"column":2},"end":{"line":175,"column":5}},"45":{"start":{"line":141,"column":4},"end":{"line":174,"column":5}},"46":{"start":{"line":142,"column":50},"end":{"line":142,"column":96}},"47":{"start":{"line":144,"column":6},"end":{"line":170,"column":7}},"48":{"start":{"line":145,"column":29},"end":{"line":145,"column":46}},"49":{"start":{"line":147,"column":31},"end":{"line":151,"column":10}},"50":{"start":{"line":152,"column":8},"end":{"line":164,"column":9}},"51":{"start":{"line":153,"column":29},"end":{"line":162,"column":12}},"52":{"start":{"line":163,"column":10},"end":{"line":163,"column":55}},"53":{"start":{"line":165,"column":8},"end":{"line":167,"column":9}},"54":{"start":{"line":166,"column":10},"end":{"line":166,"column":86}},"55":{"start":{"line":169,"column":8},"end":{"line":169,"column":74}},"56":{"start":{"line":173,"column":6},"end":{"line":173,"column":93}}},"fnMap":{"0":{"name":"(anonymous_0)","decl":{"start":{"line":5,"column":17},"end":{"line":5,"column":18}},"loc":{"start":{"line":5,"column":57},"end":{"line":176,"column":1}},"line":5},"1":{"name":"(anonymous_1)","decl":{"start":{"line":7,"column":26},"end":{"line":7,"column":27}},"loc":{"start":{"line":7,"column":55},"end":{"line":34,"column":1}},"line":7},"2":{"name":"(anonymous_2)","decl":{"start":{"line":37,"column":29},"end":{"line":37,"column":30}},"loc":{"start":{"line":37,"column":58},"end":{"line":59,"column":3}},"line":37},"3":{"name":"(anonymous_3)","decl":{"start":{"line":62,"column":32},"end":{"line":62,"column":33}},"loc":{"start":{"line":62,"column":61},"end":{"line":93,"column":3}},"line":62},"4":{"name":"(anonymous_4)","decl":{"start":{"line":96,"column":26},"end":{"line":96,"column":27}},"loc":{"start":{"line":96,"column":55},"end":{"line":110,"column":3}},"line":96},"5":{"name":"(anonymous_5)","decl":{"start":{"line":113,"column":32},"end":{"line":113,"column":33}},"loc":{"start":{"line":113,"column":61},"end":{"line":137,"column":3}},"line":113},"6":{"name":"(anonymous_6)","decl":{"start":{"line":140,"column":29},"end":{"line":140,"column":30}},"loc":{"start":{"line":140,"column":58},"end":{"line":175,"column":3}},"line":140}},"branchMap":{"0":{"loc":{"start":{"line":51,"column":6},"end":{"line":53,"column":7}},"type":"if","locations":[{"start":{"line":51,"column":6},"end":{"line":53,"column":7}},{"start":{},"end":{}}],"line":51},"1":{"loc":{"start":{"line":67,"column":4},"end":{"line":92,"column":5}},"type":"if","locations":[{"start":{"line":67,"column":4},"end":{"line":92,"column":5}},{"start":{"line":69,"column":11},"end":{"line":92,"column":5}}],"line":67},"2":{"loc":{"start":{"line":67,"column":7},"end":{"line":67,"column":45}},"type":"binary-expr","locations":[{"start":{"line":67,"column":7},"end":{"line":67,"column":22}},{"start":{"line":67,"column":26},"end":{"line":67,"column":31}},{"start":{"line":67,"column":35},"end":{"line":67,"column":45}}],"line":67},"3":{"loc":{"start":{"line":70,"column":6},"end":{"line":91,"column":7}},"type":"if","locations":[{"start":{"line":70,"column":6},"end":{"line":91,"column":7}},{"start":{},"end":{}}],"line":70},"4":{"loc":{"start":{"line":70,"column":9},"end":{"line":70,"column":104}},"type":"binary-expr","locations":[{"start":{"line":70,"column":9},"end":{"line":70,"column":43}},{"start":{"line":70,"column":47},"end":{"line":70,"column":71}},{"start":{"line":70,"column":75},"end":{"line":70,"column":104}}],"line":70},"5":{"loc":{"start":{"line":83,"column":10},"end":{"line":85,"column":11}},"type":"if","locations":[{"start":{"line":83,"column":10},"end":{"line":85,"column":11}},{"start":{},"end":{}}],"line":83},"6":{"loc":{"start":{"line":122,"column":6},"end":{"line":132,"column":7}},"type":"if","locations":[{"start":{"line":122,"column":6},"end":{"line":132,"column":7}},{"start":{"line":130,"column":10},"end":{"line":132,"column":7}}],"line":122},"7":{"loc":{"start":{"line":144,"column":6},"end":{"line":170,"column":7}},"type":"if","locations":[{"start":{"line":144,"column":6},"end":{"line":170,"column":7}},{"start":{"line":168,"column":13},"end":{"line":170,"column":7}}],"line":144},"8":{"loc":{"start":{"line":144,"column":9},"end":{"line":144,"column":44}},"type":"binary-expr","locations":[{"start":{"line":144,"column":9},"end":{"line":144,"column":18}},{"start":{"line":144,"column":22},"end":{"line":144,"column":36}},{"start":{"line":144,"column":40},"end":{"line":144,"column":44}}],"line":144},"9":{"loc":{"start":{"line":152,"column":8},"end":{"line":164,"column":9}},"type":"if","locations":[{"start":{"line":152,"column":8},"end":{"line":164,"column":9}},{"start":{},"end":{}}],"line":152},"10":{"loc":{"start":{"line":165,"column":8},"end":{"line":167,"column":9}},"type":"if","locations":[{"start":{"line":165,"column":8},"end":{"line":167,"column":9}},{"start":{},"end":{}}],"line":165}},"s":{"0":6,"1":6,"2":3,"3":3,"4":2,"5":2,"6":1,"7":1,"8":1,"9":6,"10":3,"11":3,"12":3,"13":2,"14":1,"15":1,"16":1,"17":6,"18":4,"19":4,"20":4,"21":4,"22":1,"23":3,"24":3,"25":3,"26":2,"27":1,"28":1,"29":1,"30":6,"31":2,"32":2,"33":1,"34":1,"35":6,"36":3,"37":3,"38":3,"39":2,"40":1,"41":1,"42":1,"43":1,"44":6,"45":4,"46":4,"47":4,"48":3,"49":3,"50":2,"51":1,"52":1,"53":1,"54":1,"55":1,"56":1},"f":{"0":6,"1":3,"2":3,"3":4,"4":2,"5":3,"6":4},"b":{"0":[1,1],"1":[1,3],"2":[4,4,4],"3":[3,0],"4":[3,3,3],"5":[1,1],"6":[1,1],"7":[3,1],"8":[4,1,1],"9":[1,1],"10":[1,0]},"_coverageSchema":"1a1c01bbd47fc00a2c39e90264f33305004495a9","hash":"844eaa2e032e0a835de424b88aa24a4e41ea98cf"}
,"C:\\Users\\camar\\Files\\Reckoning-backend\\src\\routes\\Versao.ts": {"path":"C:\\Users\\camar\\Files\\Reckoning-backend\\src\\routes\\Versao.ts","statementMap":{"0":{"start":{"line":5,"column":0},"end":{"line":182,"column":1}},"1":{"start":{"line":7,"column":2},"end":{"line":36,"column":3}},"2":{"start":{"line":8,"column":4},"end":{"line":35,"column":3}},"3":{"start":{"line":15,"column":10},"end":{"line":15,"column":42}},"4":{"start":{"line":17,"column":6},"end":{"line":31,"column":5}},"5":{"start":{"line":18,"column":23},"end":{"line":26,"column":8}},"6":{"start":{"line":27,"column":6},"end":{"line":27,"column":47}},"7":{"start":{"line":30,"column":6},"end":{"line":30,"column":89}},"8":{"start":{"line":34,"column":4},"end":{"line":34,"column":68}},"9":{"start":{"line":39,"column":2},"end":{"line":62,"column":3}},"10":{"start":{"line":40,"column":4},"end":{"line":61,"column":5}},"11":{"start":{"line":41,"column":23},"end":{"line":41,"column":40}},"12":{"start":{"line":43,"column":21},"end":{"line":53,"column":8}},"13":{"start":{"line":54,"column":6},"end":{"line":56,"column":7}},"14":{"start":{"line":55,"column":8},"end":{"line":55,"column":78}},"15":{"start":{"line":57,"column":6},"end":{"line":57,"column":35}},"16":{"start":{"line":60,"column":6},"end":{"line":60,"column":86}},"17":{"start":{"line":65,"column":2},"end":{"line":98,"column":5}},"18":{"start":{"line":66,"column":17},"end":{"line":66,"column":35}},"19":{"start":{"line":67,"column":22},"end":{"line":67,"column":45}},"20":{"start":{"line":68,"column":17},"end":{"line":68,"column":35}},"21":{"start":{"line":69,"column":20},"end":{"line":69,"column":41}},"22":{"start":{"line":71,"column":4},"end":{"line":97,"column":5}},"23":{"start":{"line":72,"column":6},"end":{"line":72,"column":89}},"24":{"start":{"line":74,"column":6},"end":{"line":96,"column":7}},"25":{"start":{"line":75,"column":8},"end":{"line":95,"column":9}},"26":{"start":{"line":76,"column":27},"end":{"line":86,"column":12}},"27":{"start":{"line":88,"column":10},"end":{"line":90,"column":11}},"28":{"start":{"line":89,"column":12},"end":{"line":89,"column":84}},"29":{"start":{"line":91,"column":10},"end":{"line":91,"column":41}},"30":{"start":{"line":94,"column":10},"end":{"line":94,"column":94}},"31":{"start":{"line":101,"column":2},"end":{"line":116,"column":3}},"32":{"start":{"line":102,"column":4},"end":{"line":115,"column":5}},"33":{"start":{"line":103,"column":21},"end":{"line":110,"column":8}},"34":{"start":{"line":111,"column":6},"end":{"line":111,"column":47}},"35":{"start":{"line":114,"column":6},"end":{"line":114,"column":90}},"36":{"start":{"line":119,"column":2},"end":{"line":143,"column":3}},"37":{"start":{"line":120,"column":4},"end":{"line":142,"column":5}},"38":{"start":{"line":121,"column":23},"end":{"line":121,"column":40}},"39":{"start":{"line":123,"column":27},"end":{"line":127,"column":8}},"40":{"start":{"line":128,"column":6},"end":{"line":138,"column":7}},"41":{"start":{"line":129,"column":23},"end":{"line":133,"column":10}},"42":{"start":{"line":134,"column":8},"end":{"line":134,"column":49}},"43":{"start":{"line":137,"column":8},"end":{"line":137,"column":77}},"44":{"start":{"line":141,"column":6},"end":{"line":141,"column":89}},"45":{"start":{"line":146,"column":2},"end":{"line":181,"column":3}},"46":{"start":{"line":147,"column":4},"end":{"line":180,"column":5}},"47":{"start":{"line":148,"column":47},"end":{"line":148,"column":89}},"48":{"start":{"line":149,"column":6},"end":{"line":176,"column":7}},"49":{"start":{"line":150,"column":25},"end":{"line":150,"column":42}},"50":{"start":{"line":152,"column":29},"end":{"line":156,"column":10}},"51":{"start":{"line":157,"column":8},"end":{"line":170,"column":9}},"52":{"start":{"line":158,"column":25},"end":{"line":168,"column":12}},"53":{"start":{"line":169,"column":10},"end":{"line":169,"column":51}},"54":{"start":{"line":171,"column":8},"end":{"line":173,"column":9}},"55":{"start":{"line":172,"column":10},"end":{"line":172,"column":82}},"56":{"start":{"line":175,"column":8},"end":{"line":175,"column":76}},"57":{"start":{"line":179,"column":6},"end":{"line":179,"column":91}}},"fnMap":{"0":{"name":"(anonymous_0)","decl":{"start":{"line":5,"column":17},"end":{"line":5,"column":18}},"loc":{"start":{"line":5,"column":57},"end":{"line":182,"column":1}},"line":5},"1":{"name":"(anonymous_1)","decl":{"start":{"line":7,"column":22},"end":{"line":7,"column":23}},"loc":{"start":{"line":7,"column":51},"end":{"line":36,"column":1}},"line":7},"2":{"name":"(anonymous_2)","decl":{"start":{"line":39,"column":25},"end":{"line":39,"column":26}},"loc":{"start":{"line":39,"column":54},"end":{"line":62,"column":1}},"line":39},"3":{"name":"(anonymous_3)","decl":{"start":{"line":65,"column":28},"end":{"line":65,"column":29}},"loc":{"start":{"line":65,"column":57},"end":{"line":98,"column":3}},"line":65},"4":{"name":"(anonymous_4)","decl":{"start":{"line":101,"column":22},"end":{"line":101,"column":23}},"loc":{"start":{"line":101,"column":51},"end":{"line":116,"column":1}},"line":101},"5":{"name":"(anonymous_5)","decl":{"start":{"line":119,"column":28},"end":{"line":119,"column":29}},"loc":{"start":{"line":119,"column":57},"end":{"line":143,"column":1}},"line":119},"6":{"name":"(anonymous_6)","decl":{"start":{"line":146,"column":25},"end":{"line":146,"column":26}},"loc":{"start":{"line":146,"column":54},"end":{"line":181,"column":1}},"line":146}},"branchMap":{"0":{"loc":{"start":{"line":54,"column":6},"end":{"line":56,"column":7}},"type":"if","locations":[{"start":{"line":54,"column":6},"end":{"line":56,"column":7}},{"start":{},"end":{}}],"line":54},"1":{"loc":{"start":{"line":71,"column":4},"end":{"line":97,"column":5}},"type":"if","locations":[{"start":{"line":71,"column":4},"end":{"line":97,"column":5}},{"start":{"line":73,"column":11},"end":{"line":97,"column":5}}],"line":71},"2":{"loc":{"start":{"line":71,"column":7},"end":{"line":71,"column":47}},"type":"binary-expr","locations":[{"start":{"line":71,"column":7},"end":{"line":71,"column":12}},{"start":{"line":71,"column":16},"end":{"line":71,"column":26}},{"start":{"line":71,"column":30},"end":{"line":71,"column":35}},{"start":{"line":71,"column":39},"end":{"line":71,"column":47}}],"line":71},"3":{"loc":{"start":{"line":74,"column":6},"end":{"line":96,"column":7}},"type":"if","locations":[{"start":{"line":74,"column":6},"end":{"line":96,"column":7}},{"start":{},"end":{}}],"line":74},"4":{"loc":{"start":{"line":74,"column":9},"end":{"line":74,"column":125}},"type":"binary-expr","locations":[{"start":{"line":74,"column":9},"end":{"line":74,"column":33}},{"start":{"line":74,"column":37},"end":{"line":74,"column":66}},{"start":{"line":74,"column":70},"end":{"line":74,"column":94}},{"start":{"line":74,"column":98},"end":{"line":74,"column":125}}],"line":74},"5":{"loc":{"start":{"line":88,"column":10},"end":{"line":90,"column":11}},"type":"if","locations":[{"start":{"line":88,"column":10},"end":{"line":90,"column":11}},{"start":{},"end":{}}],"line":88},"6":{"loc":{"start":{"line":128,"column":6},"end":{"line":138,"column":7}},"type":"if","locations":[{"start":{"line":128,"column":6},"end":{"line":138,"column":7}},{"start":{"line":136,"column":10},"end":{"line":138,"column":7}}],"line":128},"7":{"loc":{"start":{"line":149,"column":6},"end":{"line":176,"column":7}},"type":"if","locations":[{"start":{"line":149,"column":6},"end":{"line":176,"column":7}},{"start":{"line":174,"column":13},"end":{"line":176,"column":7}}],"line":149},"8":{"loc":{"start":{"line":149,"column":9},"end":{"line":149,"column":45}},"type":"binary-expr","locations":[{"start":{"line":149,"column":9},"end":{"line":149,"column":13}},{"start":{"line":149,"column":17},"end":{"line":149,"column":24}},{"start":{"line":149,"column":28},"end":{"line":149,"column":37}},{"start":{"line":149,"column":41},"end":{"line":149,"column":45}}],"line":149},"9":{"loc":{"start":{"line":157,"column":8},"end":{"line":170,"column":9}},"type":"if","locations":[{"start":{"line":157,"column":8},"end":{"line":170,"column":9}},{"start":{},"end":{}}],"line":157},"10":{"loc":{"start":{"line":171,"column":8},"end":{"line":173,"column":9}},"type":"if","locations":[{"start":{"line":171,"column":8},"end":{"line":173,"column":9}},{"start":{},"end":{}}],"line":171}},"s":{"0":6,"1":6,"2":3,"3":3,"4":2,"5":2,"6":1,"7":1,"8":1,"9":6,"10":3,"11":3,"12":3,"13":2,"14":1,"15":1,"16":1,"17":6,"18":4,"19":4,"20":4,"21":4,"22":4,"23":1,"24":3,"25":3,"26":3,"27":2,"28":1,"29":1,"30":1,"31":6,"32":2,"33":2,"34":1,"35":1,"36":6,"37":3,"38":3,"39":3,"40":2,"41":1,"42":1,"43":1,"44":1,"45":6,"46":4,"47":4,"48":4,"49":3,"50":3,"51":3,"52":2,"53":1,"54":1,"55":1,"56":1,"57":1},"f":{"0":6,"1":3,"2":3,"3":4,"4":2,"5":3,"6":4},"b":{"0":[1,1],"1":[1,3],"2":[4,4,3,3],"3":[3,0],"4":[3,3,3,3],"5":[1,1],"6":[1,1],"7":[3,1],"8":[4,1,1,1],"9":[2,1],"10":[1,0]},"_coverageSchema":"1a1c01bbd47fc00a2c39e90264f33305004495a9","hash":"1cce92a8ed1cd16bffe267611c5dbcb1031d356d"}
,"C:\\Users\\camar\\Files\\Reckoning-backend\\src\\validation\\Feedback.ts": {"path":"C:\\Users\\camar\\Files\\Reckoning-backend\\src\\validation\\Feedback.ts","statementMap":{"0":{"start":{"line":3,"column":30},"end":{"line":11,"column":2}}},"fnMap":{},"branchMap":{},"s":{"0":6},"f":{},"b":{},"_coverageSchema":"1a1c01bbd47fc00a2c39e90264f33305004495a9","hash":"14afd5d678beff92ab26a4bde1e62326204ca828"}
,"C:\\Users\\camar\\Files\\Reckoning-backend\\src\\validation\\Imagem.ts": {"path":"C:\\Users\\camar\\Files\\Reckoning-backend\\src\\validation\\Imagem.ts","statementMap":{"0":{"start":{"line":3,"column":28},"end":{"line":8,"column":2}}},"fnMap":{},"branchMap":{},"s":{"0":6},"f":{},"b":{},"_coverageSchema":"1a1c01bbd47fc00a2c39e90264f33305004495a9","hash":"40a02c2832e70261d1c5a0ae62d1ad286e1b1b6f"}
,"C:\\Users\\camar\\Files\\Reckoning-backend\\src\\validation\\Itens.ts": {"path":"C:\\Users\\camar\\Files\\Reckoning-backend\\src\\validation\\Itens.ts","statementMap":{"0":{"start":{"line":3,"column":27},"end":{"line":14,"column":2}}},"fnMap":{},"branchMap":{},"s":{"0":6},"f":{},"b":{},"_coverageSchema":"1a1c01bbd47fc00a2c39e90264f33305004495a9","hash":"dddfba7a8729d549ade3a87c49310e5f841b0909"}
,"C:\\Users\\camar\\Files\\Reckoning-backend\\src\\validation\\Login.ts": {"path":"C:\\Users\\camar\\Files\\Reckoning-backend\\src\\validation\\Login.ts","statementMap":{"0":{"start":{"line":3,"column":28},"end":{"line":14,"column":2}},"1":{"start":{"line":16,"column":28},"end":{"line":23,"column":2}}},"fnMap":{},"branchMap":{},"s":{"0":6,"1":6},"f":{},"b":{},"_coverageSchema":"1a1c01bbd47fc00a2c39e90264f33305004495a9","hash":"3b8a7fc9adaaf1c14f84e794364d5c7508862d70"}
,"C:\\Users\\camar\\Files\\Reckoning-backend\\src\\validation\\Personagem.ts": {"path":"C:\\Users\\camar\\Files\\Reckoning-backend\\src\\validation\\Personagem.ts","statementMap":{"0":{"start":{"line":3,"column":32},"end":{"line":14,"column":2}}},"fnMap":{},"branchMap":{},"s":{"0":6},"f":{},"b":{},"_coverageSchema":"1a1c01bbd47fc00a2c39e90264f33305004495a9","hash":"73dcf0991b77462a090e79d80c4ef42d06c661af"}
,"C:\\Users\\camar\\Files\\Reckoning-backend\\src\\validation\\Versao.ts": {"path":"C:\\Users\\camar\\Files\\Reckoning-backend\\src\\validation\\Versao.ts","statementMap":{"0":{"start":{"line":3,"column":28},"end":{"line":19,"column":2}},"1":{"start":{"line":13,"column":22},"end":{"line":13,"column":69}},"2":{"start":{"line":14,"column":8},"end":{"line":14,"column":33}}},"fnMap":{"0":{"name":"(anonymous_0)","decl":{"start":{"line":11,"column":28},"end":{"line":11,"column":29}},"loc":{"start":{"line":11,"column":39},"end":{"line":15,"column":7}},"line":11}},"branchMap":{},"s":{"0":6,"1":5,"2":5},"f":{"0":5},"b":{},"_coverageSchema":"1a1c01bbd47fc00a2c39e90264f33305004495a9","hash":"10890f54df302697e8785728611a3f4679d3ee8c"}
}
