TN:
SF:src\server.ts
FN:19,(anonymous_0)
FNF:1
FNH:0
FNDA:0,(anonymous_0)
DA:4,6
DA:5,6
DA:7,6
DA:11,6
DA:12,6
DA:13,6
DA:14,6
DA:15,6
DA:16,6
DA:18,6
DA:19,0
LF:11
LH:10
BRDA:8,0,0,0
BRDA:8,0,1,6
BRDA:18,1,0,0
BRDA:18,1,1,6
BRF:4
BRH:2
end_of_record
TN:
SF:src\routes\Feedback.ts
FN:5,(anonymous_0)
FN:7,(anonymous_1)
FN:37,(anonymous_2)
FN:62,(anonymous_3)
FN:94,(anonymous_4)
FN:111,(anonymous_5)
FN:140,(anonymous_6)
FNF:7
FNH:7
FNDA:6,(anonymous_0)
FNDA:3,(anonymous_1)
FNDA:3,(anonymous_2)
FNDA:4,(anonymous_3)
FNDA:2,(anonymous_4)
FNDA:3,(anonymous_5)
FNDA:4,(anonymous_6)
DA:5,6
DA:7,6
DA:8,3
DA:13,3
DA:15,2
DA:16,2
DA:24,1
DA:27,1
DA:31,1
DA:37,6
DA:38,3
DA:39,3
DA:41,3
DA:50,2
DA:51,1
DA:53,1
DA:56,1
DA:62,6
DA:63,4
DA:64,4
DA:66,4
DA:67,1
DA:69,3
DA:70,3
DA:71,3
DA:80,2
DA:81,1
DA:83,1
DA:86,1
DA:94,6
DA:95,2
DA:96,2
DA:102,1
DA:105,1
DA:111,6
DA:112,3
DA:113,3
DA:115,3
DA:121,2
DA:122,1
DA:127,1
DA:129,1
DA:134,1
DA:140,6
DA:141,4
DA:142,4
DA:144,4
DA:145,3
DA:147,3
DA:153,3
DA:154,2
DA:163,1
DA:165,1
DA:168,1
DA:172,1
LF:55
LH:55
BRDA:50,0,0,1
BRDA:50,0,1,1
BRDA:66,1,0,1
BRDA:66,1,1,3
BRDA:66,2,0,4
BRDA:66,2,1,4
BRDA:69,3,0,3
BRDA:69,3,1,0
BRDA:69,4,0,3
BRDA:69,4,1,3
BRDA:80,5,0,1
BRDA:80,5,1,1
BRDA:121,6,0,1
BRDA:121,6,1,1
BRDA:144,7,0,3
BRDA:144,7,1,1
BRDA:144,8,0,4
BRDA:144,8,1,1
BRDA:153,9,0,2
BRDA:153,9,1,1
BRF:20
BRH:19
end_of_record
TN:
SF:src\routes\Imagem.ts
FN:5,(anonymous_0)
FN:7,(anonymous_1)
FN:34,(anonymous_2)
FN:59,(anonymous_3)
FN:88,(anonymous_4)
FN:103,(anonymous_5)
FN:131,(anonymous_6)
FNF:7
FNH:7
FNDA:6,(anonymous_0)
FNDA:3,(anonymous_1)
FNDA:3,(anonymous_2)
FNDA:4,(anonymous_3)
FNDA:2,(anonymous_4)
FNDA:3,(anonymous_5)
FNDA:4,(anonymous_6)
DA:5,6
DA:7,6
DA:8,3
DA:12,3
DA:14,2
DA:15,2
DA:22,1
DA:25,1
DA:29,1
DA:34,6
DA:35,3
DA:36,3
DA:38,3
DA:47,2
DA:48,1
DA:51,1
DA:54,1
DA:59,6
DA:60,4
DA:62,4
DA:63,1
DA:65,3
DA:66,3
DA:67,3
DA:75,2
DA:76,1
DA:78,1
DA:81,1
DA:88,6
DA:89,2
DA:90,2
DA:95,1
DA:98,1
DA:103,6
DA:104,3
DA:105,3
DA:107,3
DA:113,2
DA:114,1
DA:120,1
DA:122,1
DA:126,1
DA:131,6
DA:132,4
DA:133,4
DA:135,4
DA:136,3
DA:138,3
DA:144,3
DA:145,2
DA:153,1
DA:156,1
DA:159,1
DA:163,1
LF:54
LH:54
BRDA:47,0,0,1
BRDA:47,0,1,1
BRDA:62,1,0,1
BRDA:62,1,1,3
BRDA:65,2,0,3
BRDA:65,2,1,0
BRDA:75,3,0,1
BRDA:75,3,1,1
BRDA:113,4,0,1
BRDA:113,4,1,1
BRDA:135,5,0,3
BRDA:135,5,1,1
BRDA:135,6,0,4
BRDA:135,6,1,4
BRDA:144,7,0,2
BRDA:144,7,1,1
BRF:16
BRH:15
end_of_record
TN:
SF:src\routes\Item.ts
FN:5,(anonymous_0)
FN:7,(anonymous_1)
FN:37,(anonymous_2)
FN:62,(anonymous_3)
FN:95,(anonymous_4)
FN:112,(anonymous_5)
FN:140,(anonymous_6)
FNF:7
FNH:7
FNDA:6,(anonymous_0)
FNDA:3,(anonymous_1)
FNDA:3,(anonymous_2)
FNDA:4,(anonymous_3)
FNDA:2,(anonymous_4)
FNDA:3,(anonymous_5)
FNDA:4,(anonymous_6)
DA:5,6
DA:7,6
DA:8,3
DA:14,3
DA:16,2
DA:17,2
DA:25,1
DA:28,1
DA:32,1
DA:37,6
DA:38,3
DA:39,3
DA:41,3
DA:51,2
DA:52,1
DA:54,1
DA:57,1
DA:62,6
DA:63,4
DA:64,4
DA:65,4
DA:67,4
DA:68,1
DA:70,3
DA:71,3
DA:72,3
DA:82,2
DA:83,1
DA:85,1
DA:88,1
DA:95,6
DA:96,2
DA:97,2
DA:104,1
DA:107,1
DA:112,6
DA:113,3
DA:114,3
DA:116,3
DA:122,2
DA:123,1
DA:129,1
DA:131,1
DA:135,1
DA:140,6
DA:141,4
DA:142,4
DA:144,4
DA:145,3
DA:147,3
DA:153,2
DA:154,1
DA:165,1
DA:167,1
DA:170,1
DA:174,1
LF:56
LH:56
BRDA:51,0,0,1
BRDA:51,0,1,1
BRDA:67,1,0,1
BRDA:67,1,1,3
BRDA:67,2,0,4
BRDA:67,2,1,4
BRDA:67,2,2,4
BRDA:70,3,0,3
BRDA:70,3,1,0
BRDA:70,4,0,3
BRDA:70,4,1,3
BRDA:70,4,2,3
BRDA:82,5,0,1
BRDA:82,5,1,1
BRDA:122,6,0,1
BRDA:122,6,1,1
BRDA:144,7,0,3
BRDA:144,7,1,1
BRDA:144,8,0,4
BRDA:144,8,1,1
BRDA:144,8,2,1
BRDA:153,9,0,1
BRDA:153,9,1,1
BRF:23
BRH:22
end_of_record
TN:
SF:src\routes\Login.ts
FN:6,(anonymous_0)
FN:8,(anonymous_1)
FN:53,(anonymous_2)
FN:80,(anonymous_3)
FN:109,(anonymous_4)
FNF:5
FNH:5
FNDA:6,(anonymous_0)
FNDA:1,(anonymous_1)
FNDA:1,(anonymous_2)
FNDA:1,(anonymous_3)
FNDA:1,(anonymous_4)
DA:6,6
DA:8,6
DA:9,1
DA:10,1
DA:12,1
DA:13,1
DA:19,1
DA:20,1
DA:21,1
DA:23,1
DA:24,1
DA:33,1
DA:36,0
DA:40,0
DA:44,0
DA:48,0
DA:53,6
DA:54,1
DA:55,1
DA:57,1
DA:68,1
DA:69,0
DA:72,1
DA:75,0
DA:80,6
DA:81,1
DA:83,1
DA:84,1
DA:93,1
DA:94,1
DA:95,1
DA:97,0
DA:100,0
DA:104,0
DA:109,6
DA:110,1
DA:111,1
DA:113,1
DA:119,1
DA:120,1
DA:131,1
DA:134,0
DA:138,0
LF:43
LH:32
BRDA:19,0,0,1
BRDA:19,0,1,0
BRDA:68,1,0,0
BRDA:68,1,1,1
BRDA:93,2,0,1
BRDA:93,2,1,0
BRDA:94,3,0,1
BRDA:94,3,1,0
BRDA:119,4,0,1
BRDA:119,4,1,0
BRF:10
BRH:5
end_of_record
TN:
SF:src\routes\Personagem.ts
FN:5,(anonymous_0)
FN:7,(anonymous_1)
FN:37,(anonymous_2)
FN:62,(anonymous_3)
FN:96,(anonymous_4)
FN:113,(anonymous_5)
FN:140,(anonymous_6)
FNF:7
FNH:7
FNDA:6,(anonymous_0)
FNDA:3,(anonymous_1)
FNDA:3,(anonymous_2)
FNDA:4,(anonymous_3)
FNDA:2,(anonymous_4)
FNDA:3,(anonymous_5)
FNDA:4,(anonymous_6)
DA:5,6
DA:7,6
DA:8,3
DA:14,3
DA:16,2
DA:17,2
DA:25,1
DA:28,1
DA:32,1
DA:37,6
DA:38,3
DA:39,3
DA:41,3
DA:51,2
DA:52,1
DA:54,1
DA:57,1
DA:62,6
DA:63,4
DA:64,4
DA:65,4
DA:67,4
DA:68,1
DA:70,3
DA:71,3
DA:72,3
DA:83,2
DA:84,1
DA:86,1
DA:89,1
DA:96,6
DA:97,2
DA:98,2
DA:105,1
DA:108,1
DA:113,6
DA:114,3
DA:115,3
DA:117,3
DA:122,2
DA:123,1
DA:128,1
DA:131,1
DA:135,1
DA:140,6
DA:141,4
DA:142,4
DA:144,4
DA:145,3
DA:147,3
DA:152,2
DA:153,1
DA:163,1
DA:165,1
DA:166,1
DA:169,1
DA:173,1
LF:57
LH:57
BRDA:51,0,0,1
BRDA:51,0,1,1
BRDA:67,1,0,1
BRDA:67,1,1,3
BRDA:67,2,0,4
BRDA:67,2,1,4
BRDA:67,2,2,4
BRDA:70,3,0,3
BRDA:70,3,1,0
BRDA:70,4,0,3
BRDA:70,4,1,3
BRDA:70,4,2,3
BRDA:83,5,0,1
BRDA:83,5,1,1
BRDA:122,6,0,1
BRDA:122,6,1,1
BRDA:144,7,0,3
BRDA:144,7,1,1
BRDA:144,8,0,4
BRDA:144,8,1,1
BRDA:144,8,2,1
BRDA:152,9,0,1
BRDA:152,9,1,1
BRDA:165,10,0,1
BRDA:165,10,1,0
BRF:25
BRH:23
end_of_record
TN:
SF:src\routes\Versao.ts
FN:5,(anonymous_0)
FN:7,(anonymous_1)
FN:39,(anonymous_2)
FN:65,(anonymous_3)
FN:101,(anonymous_4)
FN:119,(anonymous_5)
FN:146,(anonymous_6)
FNF:7
FNH:7
FNDA:6,(anonymous_0)
FNDA:3,(anonymous_1)
FNDA:3,(anonymous_2)
FNDA:4,(anonymous_3)
FNDA:2,(anonymous_4)
FNDA:3,(anonymous_5)
FNDA:4,(anonymous_6)
DA:5,6
DA:7,6
DA:8,3
DA:15,3
DA:17,2
DA:18,2
DA:27,1
DA:30,1
DA:34,1
DA:39,6
DA:40,3
DA:41,3
DA:43,3
DA:54,2
DA:55,1
DA:57,1
DA:60,1
DA:65,6
DA:66,4
DA:67,4
DA:68,4
DA:69,4
DA:71,4
DA:72,1
DA:74,3
DA:75,3
DA:76,3
DA:88,2
DA:89,1
DA:91,1
DA:94,1
DA:101,6
DA:102,2
DA:103,2
DA:111,1
DA:114,1
DA:119,6
DA:120,3
DA:121,3
DA:123,3
DA:128,2
DA:129,1
DA:134,1
DA:137,1
DA:141,1
DA:146,6
DA:147,4
DA:148,4
DA:149,4
DA:150,3
DA:152,3
DA:157,3
DA:158,2
DA:169,1
DA:171,1
DA:172,1
DA:175,1
DA:179,1
LF:58
LH:58
BRDA:54,0,0,1
BRDA:54,0,1,1
BRDA:71,1,0,1
BRDA:71,1,1,3
BRDA:71,2,0,4
BRDA:71,2,1,4
BRDA:71,2,2,3
BRDA:71,2,3,3
BRDA:74,3,0,3
BRDA:74,3,1,0
BRDA:74,4,0,3
BRDA:74,4,1,3
BRDA:74,4,2,3
BRDA:74,4,3,3
BRDA:88,5,0,1
BRDA:88,5,1,1
BRDA:128,6,0,1
BRDA:128,6,1,1
BRDA:149,7,0,3
BRDA:149,7,1,1
BRDA:149,8,0,4
BRDA:149,8,1,1
BRDA:149,8,2,1
BRDA:149,8,3,1
BRDA:157,9,0,2
BRDA:157,9,1,1
BRDA:171,10,0,1
BRDA:171,10,1,0
BRF:28
BRH:26
end_of_record
TN:
SF:src\validation\Feedback.ts
FNF:0
FNH:0
DA:3,6
LF:1
LH:1
BRF:0
BRH:0
end_of_record
TN:
SF:src\validation\Imagem.ts
FNF:0
FNH:0
DA:3,6
LF:1
LH:1
BRF:0
BRH:0
end_of_record
TN:
SF:src\validation\Itens.ts
FNF:0
FNH:0
DA:3,6
LF:1
LH:1
BRF:0
BRH:0
end_of_record
TN:
SF:src\validation\Login.ts
FNF:0
FNH:0
DA:3,6
DA:16,6
LF:2
LH:2
BRF:0
BRH:0
end_of_record
TN:
SF:src\validation\Personagem.ts
FNF:0
FNH:0
DA:3,6
LF:1
LH:1
BRF:0
BRH:0
end_of_record
TN:
SF:src\validation\Versao.ts
FN:11,(anonymous_0)
FNF:1
FNH:1
FNDA:5,(anonymous_0)
DA:3,6
DA:13,5
DA:14,5
LF:3
LH:3
BRF:0
BRH:0
end_of_record
